[debug] [2024-04-22T22:04:19.162Z] ----------------------------------------------------------------------
[debug] [2024-04-22T22:04:19.165Z] Command:       /usr/bin/node /usr/bin/firebase functions:shell
[debug] [2024-04-22T22:04:19.165Z] CLI Version:   13.4.0
[debug] [2024-04-22T22:04:19.165Z] Platform:      linux
[debug] [2024-04-22T22:04:19.165Z] Node Version:  v21.6.2
[debug] [2024-04-22T22:04:19.166Z] Time:          Mon Apr 22 2024 19:04:19 GMT-0300 (Brasilia Standard Time)
[debug] [2024-04-22T22:04:19.166Z] ----------------------------------------------------------------------
[debug] 
[debug] [2024-04-22T22:04:19.242Z] > command requires scopes: ["email","openid","https://www.googleapis.com/auth/cloudplatformprojects.readonly","https://www.googleapis.com/auth/firebase","https://www.googleapis.com/auth/cloud-platform"]
[debug] [2024-04-22T22:04:19.242Z] > authorizing via signed-in user (saymon.anjos@minasinfotech.com.br)
[debug] [2024-04-22T22:04:19.243Z] [iam] checking project multiuser-laboratory-website for permissions ["firebase.projects.get"]
[debug] [2024-04-22T22:04:19.244Z] > refreshing access token with scopes: []
[debug] [2024-04-22T22:04:19.246Z] >>> [apiv2][query] POST https://www.googleapis.com/oauth2/v3/token [none]
[debug] [2024-04-22T22:04:19.246Z] >>> [apiv2][body] POST https://www.googleapis.com/oauth2/v3/token [omitted]
[debug] [2024-04-22T22:04:19.497Z] <<< [apiv2][status] POST https://www.googleapis.com/oauth2/v3/token 200
[debug] [2024-04-22T22:04:19.497Z] <<< [apiv2][body] POST https://www.googleapis.com/oauth2/v3/token [omitted]
[debug] [2024-04-22T22:04:19.504Z] >>> [apiv2][query] POST https://cloudresourcemanager.googleapis.com/v1/projects/multiuser-laboratory-website:testIamPermissions [none]
[debug] [2024-04-22T22:04:19.504Z] >>> [apiv2][(partial)header] POST https://cloudresourcemanager.googleapis.com/v1/projects/multiuser-laboratory-website:testIamPermissions x-goog-quota-user=projects/multiuser-laboratory-website
[debug] [2024-04-22T22:04:19.504Z] >>> [apiv2][body] POST https://cloudresourcemanager.googleapis.com/v1/projects/multiuser-laboratory-website:testIamPermissions {"permissions":["firebase.projects.get"]}
[debug] [2024-04-22T22:04:20.450Z] <<< [apiv2][status] POST https://cloudresourcemanager.googleapis.com/v1/projects/multiuser-laboratory-website:testIamPermissions 200
[debug] [2024-04-22T22:04:20.450Z] <<< [apiv2][body] POST https://cloudresourcemanager.googleapis.com/v1/projects/multiuser-laboratory-website:testIamPermissions {"permissions":["firebase.projects.get"]}
[debug] [2024-04-22T22:04:20.456Z] [functions] Functions Emulator only supports listening on one address (127.0.0.1). Not listening on ::1
[debug] [2024-04-22T22:04:20.458Z] defaultcredentials: writing to file /home/saymon.anjos/.config/firebase/saymon_anjos_minasinfotech.com.br_application_default_credentials.json
[debug] [2024-04-22T22:04:20.459Z] DEBUG: Setting GAC to /home/saymon.anjos/.config/firebase/saymon_anjos_minasinfotech.com.br_application_default_credentials.json
[debug] [2024-04-22T22:04:20.460Z] >>> [apiv2][query] GET https://firebase.googleapis.com/v1beta1/projects/multiuser-laboratory-website/adminSdkConfig [none]
[debug] [2024-04-22T22:04:21.241Z] <<< [apiv2][status] GET https://firebase.googleapis.com/v1beta1/projects/multiuser-laboratory-website/adminSdkConfig 200
[debug] [2024-04-22T22:04:21.242Z] <<< [apiv2][body] GET https://firebase.googleapis.com/v1beta1/projects/multiuser-laboratory-website/adminSdkConfig {"projectId":"multiuser-laboratory-website","storageBucket":"multiuser-laboratory-website.appspot.com","locationId":"southamerica-east1"}
[debug] [2024-04-22T22:04:21.257Z] [functions] Watching "/home/saymon.anjos/Backup/Portifolio/multiuser-laboratory-webpage/functions" for Cloud Functions...
[debug] [2024-04-22T22:04:21.261Z] Validating nodejs source
[debug] [2024-04-22T22:04:22.716Z] > [functions] package.json contents: {
  "name": "functions",
  "description": "Cloud Functions for Firebase",
  "scripts": {
    "lint": "eslint .",
    "serve": "firebase emulators:start --only functions",
    "shell": "firebase functions:shell",
    "start": "npm run shell",
    "deploy": "firebase deploy --only functions",
    "logs": "firebase functions:log",
    "build": "babel ./src --out-dir ./build"
  },
  "engines": {
    "node": "18"
  },
  "main": "index.js",
  "dependencies": {
    "@sendgrid/mail": "^8.1.3",
    "firebase-admin": "^11.8.0",
    "firebase-functions": "^4.3.1",
    "regenerator-runtime": "^0.14.1"
  },
  "devDependencies": {
    "@babel/cli": "^7.24.1",
    "@babel/core": "^7.24.4",
    "@babel/preset-env": "^7.24.4",
    "eslint": "^8.15.0",
    "eslint-config-google": "^0.14.0",
    "eslint-config-prettier": "^9.1.0",
    "firebase-functions-test": "^3.1.0"
  },
  "private": true
}
[debug] [2024-04-22T22:04:22.716Z] Building nodejs source
[debug] [2024-04-22T22:04:22.717Z] Failed to find version of module node: reached end of search path /home/saymon.anjos/Backup/Portifolio/multiuser-laboratory-webpage/functions/node_modules
[warn] ⚠  functions: Your requested "node" version "18" doesn't match your global version "21". Using node@21 from host. 
[debug] [2024-04-22T22:04:22.721Z] Could not find functions.yaml. Must use http discovery
[debug] [2024-04-22T22:04:22.725Z] Found firebase-functions binary at '/home/saymon.anjos/Backup/Portifolio/multiuser-laboratory-webpage/functions/node_modules/.bin/firebase-functions'
[info] Serving at port 8957

[debug] [2024-04-22T22:04:23.025Z] Got response from /__/functions.yaml {"endpoints":{"sendEmail":{"availableMemoryMb":null,"timeoutSeconds":null,"minInstances":null,"maxInstances":null,"ingressSettings":null,"concurrency":null,"serviceAccountEmail":null,"vpc":null,"platform":"gcfv2","labels":{},"httpsTrigger":{},"entryPoint":"sendEmail"}},"specVersion":"v1alpha1","requiredAPIs":[]}
[debug] [2024-04-22T22:04:28.048Z] [functions] Loaded functions definitions from source: sendEmail.
[debug] [2024-04-22T22:04:28.049Z] [functions[us-central1-sendEmail]] http function initialized (http://127.0.0.1:5000/multiuser-laboratory-website/us-central1/sendEmail).
[info] i  functions: Loaded functions: sendEmail
[warn] ⚠  functions: The following emulators are not running, calls to these services will affect production: firestore, database, pubsub, storage, eventarc 
[debug] [2024-04-22T22:05:12.394Z] ----------------------------------------------------------------------
[debug] [2024-04-22T22:05:12.396Z] Command:       /usr/bin/node /usr/bin/firebase functions:shell
[debug] [2024-04-22T22:05:12.397Z] CLI Version:   13.4.0
[debug] [2024-04-22T22:05:12.397Z] Platform:      linux
[debug] [2024-04-22T22:05:12.397Z] Node Version:  v21.6.2
[debug] [2024-04-22T22:05:12.398Z] Time:          Mon Apr 22 2024 19:05:12 GMT-0300 (Brasilia Standard Time)
[debug] [2024-04-22T22:05:12.398Z] ----------------------------------------------------------------------
[debug] 
[debug] [2024-04-22T22:05:12.470Z] > command requires scopes: ["email","openid","https://www.googleapis.com/auth/cloudplatformprojects.readonly","https://www.googleapis.com/auth/firebase","https://www.googleapis.com/auth/cloud-platform"]
[debug] [2024-04-22T22:05:12.470Z] > authorizing via signed-in user (saymon.anjos@minasinfotech.com.br)
[debug] [2024-04-22T22:05:12.471Z] [iam] checking project multiuser-laboratory-website for permissions ["firebase.projects.get"]
[debug] [2024-04-22T22:05:12.473Z] >>> [apiv2][query] POST https://cloudresourcemanager.googleapis.com/v1/projects/multiuser-laboratory-website:testIamPermissions [none]
[debug] [2024-04-22T22:05:12.473Z] >>> [apiv2][(partial)header] POST https://cloudresourcemanager.googleapis.com/v1/projects/multiuser-laboratory-website:testIamPermissions x-goog-quota-user=projects/multiuser-laboratory-website
[debug] [2024-04-22T22:05:12.473Z] >>> [apiv2][body] POST https://cloudresourcemanager.googleapis.com/v1/projects/multiuser-laboratory-website:testIamPermissions {"permissions":["firebase.projects.get"]}
[debug] [2024-04-22T22:05:13.466Z] <<< [apiv2][status] POST https://cloudresourcemanager.googleapis.com/v1/projects/multiuser-laboratory-website:testIamPermissions 200
[debug] [2024-04-22T22:05:13.466Z] <<< [apiv2][body] POST https://cloudresourcemanager.googleapis.com/v1/projects/multiuser-laboratory-website:testIamPermissions {"permissions":["firebase.projects.get"]}
[debug] [2024-04-22T22:05:13.472Z] [functions] Functions Emulator only supports listening on one address (127.0.0.1). Not listening on ::1
[debug] [2024-04-22T22:05:13.475Z] defaultcredentials: writing to file /home/saymon.anjos/.config/firebase/saymon_anjos_minasinfotech.com.br_application_default_credentials.json
[debug] [2024-04-22T22:05:13.476Z] DEBUG: Setting GAC to /home/saymon.anjos/.config/firebase/saymon_anjos_minasinfotech.com.br_application_default_credentials.json
[debug] [2024-04-22T22:05:13.478Z] >>> [apiv2][query] GET https://firebase.googleapis.com/v1beta1/projects/multiuser-laboratory-website/adminSdkConfig [none]
[debug] [2024-04-22T22:05:14.286Z] <<< [apiv2][status] GET https://firebase.googleapis.com/v1beta1/projects/multiuser-laboratory-website/adminSdkConfig 200
[debug] [2024-04-22T22:05:14.286Z] <<< [apiv2][body] GET https://firebase.googleapis.com/v1beta1/projects/multiuser-laboratory-website/adminSdkConfig {"projectId":"multiuser-laboratory-website","storageBucket":"multiuser-laboratory-website.appspot.com","locationId":"southamerica-east1"}
[debug] [2024-04-22T22:05:14.302Z] [functions] Watching "/home/saymon.anjos/Backup/Portifolio/multiuser-laboratory-webpage/functions" for Cloud Functions...
[debug] [2024-04-22T22:05:14.306Z] Validating nodejs source
[debug] [2024-04-22T22:05:14.829Z] > [functions] package.json contents: {
  "name": "functions",
  "description": "Cloud Functions for Firebase",
  "scripts": {
    "lint": "eslint .",
    "serve": "firebase emulators:start --only functions",
    "shell": "firebase functions:shell",
    "start": "npm run shell",
    "deploy": "firebase deploy --only functions",
    "logs": "firebase functions:log",
    "build": "babel ./src --out-dir ./build"
  },
  "engines": {
    "node": "18"
  },
  "main": "index.js",
  "dependencies": {
    "@sendgrid/mail": "^8.1.3",
    "firebase-admin": "^11.8.0",
    "firebase-functions": "^4.3.1",
    "regenerator-runtime": "^0.14.1"
  },
  "devDependencies": {
    "@babel/cli": "^7.24.1",
    "@babel/core": "^7.24.4",
    "@babel/preset-env": "^7.24.4",
    "eslint": "^8.15.0",
    "eslint-config-google": "^0.14.0",
    "eslint-config-prettier": "^9.1.0",
    "firebase-functions-test": "^3.1.0"
  },
  "private": true
}
[debug] [2024-04-22T22:05:14.829Z] Building nodejs source
[debug] [2024-04-22T22:05:14.830Z] Failed to find version of module node: reached end of search path /home/saymon.anjos/Backup/Portifolio/multiuser-laboratory-webpage/functions/node_modules
[warn] ⚠  functions: Your requested "node" version "18" doesn't match your global version "21". Using node@21 from host. 
[debug] [2024-04-22T22:05:14.835Z] Could not find functions.yaml. Must use http discovery
[debug] [2024-04-22T22:05:14.839Z] Found firebase-functions binary at '/home/saymon.anjos/Backup/Portifolio/multiuser-laboratory-webpage/functions/node_modules/.bin/firebase-functions'
[info] Serving at port 8921

[debug] [2024-04-22T22:05:15.133Z] Got response from /__/functions.yaml {"endpoints":{"sendEmail":{"availableMemoryMb":null,"timeoutSeconds":null,"minInstances":null,"maxInstances":null,"ingressSettings":null,"concurrency":null,"serviceAccountEmail":null,"vpc":null,"platform":"gcfv2","labels":{},"httpsTrigger":{},"entryPoint":"sendEmail"}},"specVersion":"v1alpha1","requiredAPIs":[]}
