[debug] [2024-04-19T19:15:33.698Z] ----------------------------------------------------------------------
[debug] [2024-04-19T19:15:33.704Z] Command:       C:\Program Files\nodejs\node.exe C:\Users\saymo\AppData\Roaming\npm\node_modules\firebase-tools\lib\bin\firebase.js projects:list
[debug] [2024-04-19T19:15:33.706Z] CLI Version:   13.7.2
[debug] [2024-04-19T19:15:33.706Z] Platform:      win32
[debug] [2024-04-19T19:15:33.706Z] Node Version:  v20.12.1
[debug] [2024-04-19T19:15:33.706Z] Time:          Fri Apr 19 2024 16:15:33 GMT-0300 (Horário Padrão de Brasília)
[debug] [2024-04-19T19:15:33.707Z] ----------------------------------------------------------------------
[debug] 
[debug] [2024-04-19T19:15:33.712Z] >>> [apiv2][query] GET https://firebase-public.firebaseio.com/cli.json [none]
[debug] [2024-04-19T19:15:33.939Z] > command requires scopes: ["email","openid","https://www.googleapis.com/auth/cloudplatformprojects.readonly","https://www.googleapis.com/auth/firebase","https://www.googleapis.com/auth/cloud-platform"]
[debug] [2024-04-19T19:15:33.939Z] > authorizing via signed-in user (saymon.anjos@minasinfotech.com.br)
[debug] [2024-04-19T19:15:33.944Z] > refreshing access token with scopes: []
[debug] [2024-04-19T19:15:33.945Z] >>> [apiv2][query] POST https://www.googleapis.com/oauth2/v3/token [none]
[debug] [2024-04-19T19:15:33.946Z] >>> [apiv2][body] POST https://www.googleapis.com/oauth2/v3/token [omitted]
[debug] [2024-04-19T19:15:34.085Z] *** [apiv2] error from fetch(https://www.googleapis.com/oauth2/v3/token, {"headers":{},"method":"POST","body":{"_overheadLength":545,"_valueLength":212,"_valuesToMeasure":[],"writable":false,"readable":true,"dataSize":0,"maxDataSize":2097152,"pauseStreams":true,"_released":true,"_streams":[],"_currentStream":null,"_insideLoop":false,"_pendingNext":false,"_boundary":"--------------------------714407836502450507198847","_events":{},"_eventsCount":1}}): FetchError: request to https://www.googleapis.com/oauth2/v3/token failed, reason: unable to verify the first certificate
[debug] [2024-04-19T19:15:34.086Z] Authentication Error: Your credentials are no longer valid. Please run firebase login --reauth

For CI servers and headless environments, generate a new token with firebase login:ci
[debug] [2024-04-19T19:15:34.157Z] *** [apiv2] error from fetch(https://firebase-public.firebaseio.com/cli.json, {"headers":{},"method":"GET"}): FetchError: request to https://firebase-public.firebaseio.com/cli.json failed, reason: unable to verify the first certificate
[warn] !  Unable to fetch the CLI MOTD and remote config. This is not a fatal error, but may indicate an issue with your network connection. 
[debug] [2024-04-19T19:15:34.159Z] Failed to fetch MOTD FirebaseError: Failed to make request to https://firebase-public.firebaseio.com/cli.json
[debug] [2024-04-19T19:15:34.280Z] FirebaseError: Authentication Error: Your credentials are no longer valid. Please run firebase login --reauth

For CI servers and headless environments, generate a new token with firebase login:ci
    at invalidCredentialError (C:\Users\saymo\AppData\Roaming\npm\node_modules\firebase-tools\lib\auth.js:142:12)
    at refreshTokens (C:\Users\saymo\AppData\Roaming\npm\node_modules\firebase-tools\lib\auth.js:515:15)
    at process.processTicksAndRejections (node:internal/process/task_queues:95:5)
    at async Client.getAccessToken (C:\Users\saymo\AppData\Roaming\npm\node_modules\firebase-tools\lib\apiv2.js:163:22)
    at async Client.addAuthHeader (C:\Users\saymo\AppData\Roaming\npm\node_modules\firebase-tools\lib\apiv2.js:154:21)
    at async Client.request (C:\Users\saymo\AppData\Roaming\npm\node_modules\firebase-tools\lib\apiv2.js:105:34)
    at async getProjectPage (C:\Users\saymo\AppData\Roaming\npm\node_modules\firebase-tools\lib\management\projects.js:238:17)
    at async getFirebaseProjectPage (C:\Users\saymo\AppData\Roaming\npm\node_modules\firebase-tools\lib\management\projects.js:255:23)
    at async listFirebaseProjects (C:\Users\saymo\AppData\Roaming\npm\node_modules\firebase-tools\lib\management\projects.js:286:29)
    at async Command.actionFn (C:\Users\saymo\AppData\Roaming\npm\node_modules\firebase-tools\lib\commands\projects-list.js:51:20)
[error] 
[error] Error: Failed to list Firebase projects. See firebase-debug.log for more info.
[debug] [2024-04-19T19:16:04.789Z] ----------------------------------------------------------------------
[debug] [2024-04-19T19:16:04.793Z] Command:       C:\Program Files\nodejs\node.exe C:\Users\saymo\AppData\Roaming\npm\node_modules\firebase-tools\lib\bin\firebase.js init
[debug] [2024-04-19T19:16:04.793Z] CLI Version:   13.7.2
[debug] [2024-04-19T19:16:04.794Z] Platform:      win32
[debug] [2024-04-19T19:16:04.794Z] Node Version:  v20.12.1
[debug] [2024-04-19T19:16:04.794Z] Time:          Fri Apr 19 2024 16:16:04 GMT-0300 (Horário Padrão de Brasília)
[debug] [2024-04-19T19:16:04.794Z] ----------------------------------------------------------------------
[debug] 
[debug] [2024-04-19T19:16:04.798Z] >>> [apiv2][query] GET https://firebase-public.firebaseio.com/cli.json [none]
[debug] [2024-04-19T19:16:05.015Z] > command requires scopes: ["email","openid","https://www.googleapis.com/auth/cloudplatformprojects.readonly","https://www.googleapis.com/auth/firebase","https://www.googleapis.com/auth/cloud-platform"]
[debug] [2024-04-19T19:16:05.016Z] > authorizing via signed-in user (saymon.anjos@minasinfotech.com.br)
[info] 
     ######## #### ########  ######## ########     ###     ######  ########
     ##        ##  ##     ## ##       ##     ##  ##   ##  ##       ##
     ######    ##  ########  ######   ########  #########  ######  ######
     ##        ##  ##    ##  ##       ##     ## ##     ##       ## ##
     ##       #### ##     ## ######## ########  ##     ##  ######  ########

You're about to initialize a Firebase project in this directory:

  C:\Users\saymo\WebstormProjects\fem-multiuser-laboratory-website-v4

Before we get started, keep in mind:

  * You are initializing within an existing Firebase project directory

[debug] [2024-04-19T19:16:05.252Z] *** [apiv2] error from fetch(https://firebase-public.firebaseio.com/cli.json, {"headers":{},"method":"GET"}): FetchError: request to https://firebase-public.firebaseio.com/cli.json failed, reason: unable to verify the first certificate
[warn] !  Unable to fetch the CLI MOTD and remote config. This is not a fatal error, but may indicate an issue with your network connection. 
[debug] [2024-04-19T19:16:05.253Z] Failed to fetch MOTD FirebaseError: Failed to make request to https://firebase-public.firebaseio.com/cli.json
[info] 
=== Project Setup
[info] 
[info] First, let's associate this project directory with a Firebase project.
[info] You can create multiple project aliases by running firebase use --add, 
[info] but for now we'll just set up a default project.
[info] 
[debug] [2024-04-19T19:16:16.468Z] Using project from CLI flag: multiuser-laboratory-website
[debug] [2024-04-19T19:16:16.469Z] > refreshing access token with scopes: []
[debug] [2024-04-19T19:16:16.471Z] >>> [apiv2][query] POST https://www.googleapis.com/oauth2/v3/token [none]
[debug] [2024-04-19T19:16:16.471Z] >>> [apiv2][body] POST https://www.googleapis.com/oauth2/v3/token [omitted]
[debug] [2024-04-19T19:16:16.606Z] *** [apiv2] error from fetch(https://www.googleapis.com/oauth2/v3/token, {"headers":{},"method":"POST","body":{"_overheadLength":545,"_valueLength":212,"_valuesToMeasure":[],"writable":false,"readable":true,"dataSize":0,"maxDataSize":2097152,"pauseStreams":true,"_released":true,"_streams":[],"_currentStream":null,"_insideLoop":false,"_pendingNext":false,"_boundary":"--------------------------285660461025096318457863","_events":{},"_eventsCount":1}}): FetchError: request to https://www.googleapis.com/oauth2/v3/token failed, reason: unable to verify the first certificate
[debug] [2024-04-19T19:16:16.607Z] Authentication Error: Your credentials are no longer valid. Please run firebase login --reauth

For CI servers and headless environments, generate a new token with firebase login:ci
[debug] [2024-04-19T19:16:16.804Z] FirebaseError: Authentication Error: Your credentials are no longer valid. Please run firebase login --reauth

For CI servers and headless environments, generate a new token with firebase login:ci
    at invalidCredentialError (C:\Users\saymo\AppData\Roaming\npm\node_modules\firebase-tools\lib\auth.js:142:12)
    at refreshTokens (C:\Users\saymo\AppData\Roaming\npm\node_modules\firebase-tools\lib\auth.js:515:15)
    at process.processTicksAndRejections (node:internal/process/task_queues:95:5)
    at async Client.getAccessToken (C:\Users\saymo\AppData\Roaming\npm\node_modules\firebase-tools\lib\apiv2.js:163:22)
    at async Client.addAuthHeader (C:\Users\saymo\AppData\Roaming\npm\node_modules\firebase-tools\lib\apiv2.js:154:21)
    at async Client.request (C:\Users\saymo\AppData\Roaming\npm\node_modules\firebase-tools\lib\apiv2.js:105:34)
    at async getFirebaseProject (C:\Users\saymo\AppData\Roaming\npm\node_modules\firebase-tools\lib\management\projects.js:295:21)
    at async doSetup (C:\Users\saymo\AppData\Roaming\npm\node_modules\firebase-tools\lib\init\features\project.js:85:27)
    at async init (C:\Users\saymo\AppData\Roaming\npm\node_modules\firebase-tools\lib\init\index.js:37:9)
[error] 
[error] Error: Failed to get Firebase project multiuser-laboratory-website. Please make sure the project exists and your account has permission to access it.
[debug] [2024-04-19T19:17:07.427Z] ----------------------------------------------------------------------
[debug] [2024-04-19T19:17:07.431Z] Command:       C:\Program Files\nodejs\node.exe C:\Users\saymo\AppData\Roaming\npm\node_modules\firebase-tools\lib\bin\firebase.js init
[debug] [2024-04-19T19:17:07.432Z] CLI Version:   13.7.2
[debug] [2024-04-19T19:17:07.432Z] Platform:      win32
[debug] [2024-04-19T19:17:07.432Z] Node Version:  v20.12.1
[debug] [2024-04-19T19:17:07.433Z] Time:          Fri Apr 19 2024 16:17:07 GMT-0300 (Horário Padrão de Brasília)
[debug] [2024-04-19T19:17:07.433Z] ----------------------------------------------------------------------
[debug] 
[debug] [2024-04-19T19:17:07.437Z] >>> [apiv2][query] GET https://firebase-public.firebaseio.com/cli.json [none]
[debug] [2024-04-19T19:17:07.642Z] > command requires scopes: ["email","openid","https://www.googleapis.com/auth/cloudplatformprojects.readonly","https://www.googleapis.com/auth/firebase","https://www.googleapis.com/auth/cloud-platform"]
[debug] [2024-04-19T19:17:07.643Z] > authorizing via signed-in user (saymon.anjos@minasinfotech.com.br)
[info] 
     ######## #### ########  ######## ########     ###     ######  ########
     ##        ##  ##     ## ##       ##     ##  ##   ##  ##       ##
     ######    ##  ########  ######   ########  #########  ######  ######
     ##        ##  ##    ##  ##       ##     ## ##     ##       ## ##
     ##       #### ##     ## ######## ########  ##     ##  ######  ########

You're about to initialize a Firebase project in this directory:

  C:\Users\saymo\WebstormProjects\fem-multiuser-laboratory-website-v4

Before we get started, keep in mind:

  * You are initializing within an existing Firebase project directory

[debug] [2024-04-19T19:17:07.868Z] *** [apiv2] error from fetch(https://firebase-public.firebaseio.com/cli.json, {"headers":{},"method":"GET"}): FetchError: request to https://firebase-public.firebaseio.com/cli.json failed, reason: unable to verify the first certificate
[warn] !  Unable to fetch the CLI MOTD and remote config. This is not a fatal error, but may indicate an issue with your network connection. 
[debug] [2024-04-19T19:17:07.869Z] Failed to fetch MOTD FirebaseError: Failed to make request to https://firebase-public.firebaseio.com/cli.json
[info] 
=== Project Setup
[info] 
[info] First, let's associate this project directory with a Firebase project.
[info] You can create multiple project aliases by running firebase use --add, 
[info] but for now we'll just set up a default project.
[info] 
[debug] [2024-04-19T19:17:32.648Z] Using project from CLI flag: multiuser-laboratory-website
[debug] [2024-04-19T19:17:32.652Z] > refreshing access token with scopes: []
[debug] [2024-04-19T19:17:32.654Z] >>> [apiv2][query] POST https://www.googleapis.com/oauth2/v3/token [none]
[debug] [2024-04-19T19:17:32.654Z] >>> [apiv2][body] POST https://www.googleapis.com/oauth2/v3/token [omitted]
[debug] [2024-04-19T19:17:32.810Z] *** [apiv2] error from fetch(https://www.googleapis.com/oauth2/v3/token, {"headers":{},"method":"POST","body":{"_overheadLength":545,"_valueLength":212,"_valuesToMeasure":[],"writable":false,"readable":true,"dataSize":0,"maxDataSize":2097152,"pauseStreams":true,"_released":true,"_streams":[],"_currentStream":null,"_insideLoop":false,"_pendingNext":false,"_boundary":"--------------------------790054802333643469494153","_events":{},"_eventsCount":1}}): FetchError: request to https://www.googleapis.com/oauth2/v3/token failed, reason: unable to verify the first certificate
[debug] [2024-04-19T19:17:32.810Z] Authentication Error: Your credentials are no longer valid. Please run firebase login --reauth

For CI servers and headless environments, generate a new token with firebase login:ci
[debug] [2024-04-19T19:17:33.030Z] FirebaseError: Authentication Error: Your credentials are no longer valid. Please run firebase login --reauth

For CI servers and headless environments, generate a new token with firebase login:ci
    at invalidCredentialError (C:\Users\saymo\AppData\Roaming\npm\node_modules\firebase-tools\lib\auth.js:142:12)
    at refreshTokens (C:\Users\saymo\AppData\Roaming\npm\node_modules\firebase-tools\lib\auth.js:515:15)
    at process.processTicksAndRejections (node:internal/process/task_queues:95:5)
    at async Client.getAccessToken (C:\Users\saymo\AppData\Roaming\npm\node_modules\firebase-tools\lib\apiv2.js:163:22)
    at async Client.addAuthHeader (C:\Users\saymo\AppData\Roaming\npm\node_modules\firebase-tools\lib\apiv2.js:154:21)
    at async Client.request (C:\Users\saymo\AppData\Roaming\npm\node_modules\firebase-tools\lib\apiv2.js:105:34)
    at async getFirebaseProject (C:\Users\saymo\AppData\Roaming\npm\node_modules\firebase-tools\lib\management\projects.js:295:21)
    at async doSetup (C:\Users\saymo\AppData\Roaming\npm\node_modules\firebase-tools\lib\init\features\project.js:85:27)
    at async init (C:\Users\saymo\AppData\Roaming\npm\node_modules\firebase-tools\lib\init\index.js:37:9)
[error] 
[error] Error: Failed to get Firebase project multiuser-laboratory-website. Please make sure the project exists and your account has permission to access it.
